<?xml version="1.0" encoding="UTF-8"?>
<!-- Generated by org.testng.reporters.JUnitReportReporter -->
<testsuite hostname="LTIN487235" failures="0" tests="4" name="testCases.TC_005_NewsLetterTest" time="0.935" errors="0" timestamp="2024-03-29T11:58:52 IST" skipped="0">
  <testcase classname="testCases.TC_005_NewsLetterTest" name="getNewsLetter" time="0.217"/>
  <testcase classname="testCases.TC_005_NewsLetterTest" name="getNewsLetter" time="0.156"/>
  <testcase classname="testCases.TC_005_NewsLetterTest" name="getNewsLetter" time="0.185"/>
  <testcase classname="testCases.TC_005_NewsLetterTest" name="getNewsLetter" time="0.377"/>
</testsuite> <!-- testCases.TC_005_NewsLetterTest -->
