<?xml version="1.0" encoding="UTF-8"?>
<!-- Generated by org.testng.reporters.JUnitReportReporter -->
<testsuite hostname="LTIN487235" failures="0" tests="4" name="testCases.TC_002_CheckTitleTest" time="7.151" errors="0" timestamp="2024-03-29T11:58:52 IST" skipped="0">
  <testcase classname="testCases.TC_002_CheckTitleTest" name="verifyAuthorInfo" time="2.705"/>
  <testcase classname="testCases.TC_002_CheckTitleTest" name="verifyAuthorInfo" time="1.511"/>
  <testcase classname="testCases.TC_002_CheckTitleTest" name="verifyAuthorInfo" time="1.485"/>
  <testcase classname="testCases.TC_002_CheckTitleTest" name="verifyAuthorInfo" time="1.450"/>
</testsuite> <!-- testCases.TC_002_CheckTitleTest -->
