<?xml version="1.0" encoding="UTF-8"?>
<!-- Generated by org.testng.reporters.JUnitReportReporter -->
<testsuite hostname="LTIN487235" failures="0" tests="4" name="testCases.TC_004_ShareOptionTest" time="1.201" errors="0" timestamp="2024-03-29T11:58:52 IST" skipped="0">
  <testcase classname="testCases.TC_004_ShareOptionTest" name="validateShareOption" time="0.228"/>
  <testcase classname="testCases.TC_004_ShareOptionTest" name="validateShareOption" time="0.306"/>
  <testcase classname="testCases.TC_004_ShareOptionTest" name="validateShareOption" time="0.374"/>
  <testcase classname="testCases.TC_004_ShareOptionTest" name="validateShareOption" time="0.293"/>
</testsuite> <!-- testCases.TC_004_ShareOptionTest -->
