<?xml version="1.0" encoding="UTF-8"?>
<!-- Generated by org.testng.reporters.JUnitReportReporter -->
<testsuite hostname="LTIN487235" failures="0" tests="4" name="testCases.TC_001_UserInfoTest" time="43.790" errors="0" timestamp="2024-03-29T11:58:52 IST" skipped="0">
  <testcase classname="testCases.TC_001_UserInfoTest" name="verifyUserInfoDisplay" time="10.897"/>
  <testcase classname="testCases.TC_001_UserInfoTest" name="verifyUserInfoDisplay" time="11.144"/>
  <testcase classname="testCases.TC_001_UserInfoTest" name="verifyUserInfoDisplay" time="11.128"/>
  <testcase classname="testCases.TC_001_UserInfoTest" name="verifyUserInfoDisplay" time="10.621"/>
</testsuite> <!-- testCases.TC_001_UserInfoTest -->
