<?xml version="1.0" encoding="UTF-8"?>
<!-- Generated by org.testng.reporters.JUnitReportReporter -->
<testsuite hostname="LTIN487235" failures="0" tests="4" name="testCases.TC_006_LinksActiveTest" time="9.501" errors="0" timestamp="2024-03-29T11:58:52 IST" skipped="0">
  <testcase classname="testCases.TC_006_LinksActiveTest" name="getNewsLetter" time="4.036"/>
  <testcase classname="testCases.TC_006_LinksActiveTest" name="getNewsLetter" time="0.513"/>
  <testcase classname="testCases.TC_006_LinksActiveTest" name="getNewsLetter" time="1.916"/>
  <testcase classname="testCases.TC_006_LinksActiveTest" name="getNewsLetter" time="3.036"/>
</testsuite> <!-- testCases.TC_006_LinksActiveTest -->
